Neutrin o Detector class is generaged
X, Y lim is +/- 30 +/- 30
X, Y pixels are
[-30 -29 -28 -27 -26 -25 -24 -23 -22 -21 -20 -19 -18 -17 -16 -15 -14 -13
 -12 -11 -10  -9  -8  -7  -6  -5  -4  -3  -2  -1   0   1   2   3   4   5
   6   7   8   9  10  11  12  13  14  15  16  17  18  19  20  21  22  23
  24  25  26  27  28  29]
[-30 -29 -28 -27 -26 -25 -24 -23 -22 -21 -20 -19 -18 -17 -16 -15 -14 -13
 -12 -11 -10  -9  -8  -7  -6  -5  -4  -3  -2  -1   0   1   2   3   4   5
   6   7   8   9  10  11  12  13  14  15  16  17  18  19  20  21  22  23
  24  25  26  27  28  29]
Filling p-Values
Calculating flux is done 0.00
Calculating flux is done 16.67
Calculating flux is done 33.33
Calculating flux is done 50.00
Calculating flux is done 66.67
Calculating flux is done 83.33
Calculating p-value is done 0.00
Calculating p-value is done 16.67
Calculating p-value is done 33.33
Calculating p-value is done 50.00
Calculating p-value is done 66.67
Calculating p-value is done 83.33
